Running task 57 ::: parA=T parA1=0.2463587965 parA2=0.24641658 nparA=1000 parB=xR parB1=-0.03592111 parB2=-0.03577893 x0=1.0 y0=1.0 z0=1.0 K=0.6 T=0.1 d=0.001 l=0.001 xR=-0.2 H=0.0 Z=0.0 tTotal=50000 tTransient=5000 xThreshold=0.0 model=L measure=AMP writeOnRun=1 outFileSuffix=CS_FS_ic1
arguments: 
parA=T
parA1=0.2463587965
parA2=0.24641658
nparA=1000
parB=xR
parB1=-0.03592111
parB2=-0.03577893
x0=1.0
y0=1.0
z0=1.0
K=0.6
T=0.1
d=0.001
l=0.001
xR=-0.2
H=0.0
Z=0.0
tTotal=50000
tTransient=5000
xThreshold=0.0
model=L
measure=AMP
writeOnRun=1
outFileSuffix=CS_FS_ic1
ajustando: parA
 -> parA = T
ajustando: parA1
 -> parA1 = 0.2463587965
ajustando: parA2
 -> parA2 = 0.24641658
ajustando: nparA
 -> nparA = 1000
ajustando: parB
 -> parB = xR
ajustando: parB1
 -> parB1 = -0.03592111
ajustando: parB2
 -> parB2 = -0.03577893
ajustando: x0
 -> x0 = 1.0
ajustando: y0
 -> y0 = 1.0
ajustando: z0
 -> z0 = 1.0
ajustando: K
 -> K = 0.6
ajustando: T
 -> T = 0.1
ajustando: d
 -> d = 0.001
ajustando: l
 -> l = 0.001
ajustando: xR
 -> xR = -0.2
ajustando: H
 -> H = 0.0
ajustando: Z
 -> Z = 0.0
ajustando: tTotal
 -> tTotal = 50000
ajustando: tTransient
 -> tTransient = 5000
ajustando: xThreshold
 -> xThreshold = 0.0
ajustando: model
 -> model = L
ajustando: measure
 -> measure = AMP
ajustando: writeOnRun
 -> writeOnRun = 1
ajustando: outFileSuffix
 -> outFileSuffix = CS_FS_ic1
 Simulando ...
